<?xml version="1.0" encoding="UTF-8"?>
<!-- Generated by org.testng.reporters.JUnitReportReporter -->
<testsuite hostname="LAPTOP-5SGPDORB" failures="0" tests="1" name="testRunner.TestRunnerGC" time="9.037" errors="0" timestamp="2024-11-04T08:28:22 IST" skipped="0">
  <testcase classname="testRunner.TestRunnerGC" name="runScenario" time="9.037"/>
</testsuite> <!-- testRunner.TestRunnerGC -->
